# JRE version: OpenJDK Runtime Environment GraalVM CE 22.3.0 (17.0.5+8) (build 17.0.5+8-jvmci-22.3-b08)
# Java VM: OpenJDK 64-Bit Server VM GraalVM CE 22.3.0 (17.0.5+8-jvmci-22.3-b08, mixed mode, sharing, tiered, jvmci, jvmci compiler, compressed oops, compressed class ptrs, parallel gc, linux-amd64)
GC Precious Log:
 CPUs: 8 total, 1 available
 Memory: 1024M
 Large Page Support: Disabled
 NUMA Support: Disabled
 Compressed Oops: Enabled (32-bit)
 Alignments: Space 512K, Generation 512K, Heap 2M
 Heap Min Capacity: 100M
 Heap Initial Capacity: 100M
 Heap Max Capacity: 512M
 Pre-touch: Disabled
 Parallel Workers: 1
Heap:
 PSYoungGen      total 46592K, used 34815K [0x00000000f5580000, 0x00000000f9100000, 0x0000000100000000)
  eden space 34816K, 99% used [0x00000000f5580000,0x00000000f777ffb0,0x00000000f7780000)
  from space 11776K, 0% used [0x00000000f8500000,0x00000000f8500000,0x00000000f9080000)
  to   space 11776K, 0% used [0x00000000f7780000,0x00000000f7780000,0x00000000f8300000)
 ParOldGen       total 349696K, used 349695K [0x00000000e0000000, 0x00000000f5580000, 0x00000000f5580000)
  object space 349696K, 99% used [0x00000000e0000000,0x00000000f557ff70,0x00000000f5580000)
 Metaspace       used 55335K, committed 56448K, reserved 1105920K
  class space    used 5445K, committed 5888K, reserved 1048576K
GC Heap History (20 events):
Event: 1004.617 GC heap before
{Heap before GC invocations=558 (full 478):
 PSYoungGen      total 46592K, used 34815K [0x00000000f5580000, 0x00000000f9100000, 0x0000000100000000)
  eden space 34816K, 99% used [0x00000000f5580000,0x00000000f777ff68,0x00000000f7780000)
  from space 11776K, 0% used [0x00000000f8500000,0x00000000f8500000,0x00000000f9080000)
  to   space 11776K, 0% used [0x00000000f7780000,0x00000000f7780000,0x00000000f8300000)
 ParOldGen       total 349696K, used 349695K [0x00000000e0000000, 0x00000000f5580000, 0x00000000f5580000)
  object space 349696K, 99% used [0x00000000e0000000,0x00000000f557ff70,0x00000000f5580000)
 Metaspace       used 55335K, committed 56448K, reserved 1105920K
  class space    used 5445K, committed 5888K, reserved 1048576K
}
Event: 1006.574 GC heap after
{Heap after GC invocations=558 (full 478):
 PSYoungGen      total 46592K, used 34815K [0x00000000f5580000, 0x00000000f9100000, 0x0000000100000000)
  eden space 34816K, 99% used [0x00000000f5580000,0x00000000f777ff68,0x00000000f7780000)
  from space 11776K, 0% used [0x00000000f7780000,0x00000000f7780000,0x00000000f8300000)
  to   space 11776K, 0% used [0x00000000f8500000,0x00000000f8500000,0x00000000f9080000)
 ParOldGen       total 349696K, used 349695K [0x00000000e0000000, 0x00000000f5580000, 0x00000000f5580000)
  object space 349696K, 99% used [0x00000000e0000000,0x00000000f557ff70,0x00000000f5580000)
 Metaspace       used 55335K, committed 56448K, reserved 1105920K
  class space    used 5445K, committed 5888K, reserved 1048576K
}
Event: 1006.576 GC heap before
{Heap before GC invocations=559 (full 479):
 PSYoungGen      total 46592K, used 34815K [0x00000000f5580000, 0x00000000f9100000, 0x0000000100000000)
  eden space 34816K, 99% used [0x00000000f5580000,0x00000000f777ff68,0x00000000f7780000)
  from space 11776K, 0% used [0x00000000f7780000,0x00000000f7780000,0x00000000f8300000)
  to   space 11776K, 0% used [0x00000000f8500000,0x00000000f8500000,0x00000000f9080000)
 ParOldGen       total 349696K, used 349695K [0x00000000e0000000, 0x00000000f5580000, 0x00000000f5580000)
  object space 349696K, 99% used [0x00000000e0000000,0x00000000f557ff70,0x00000000f5580000)
 Metaspace       used 55335K, committed 56448K, reserved 1105920K
  class space    used 5445K, committed 5888K, reserved 1048576K
}
Event: 1008.606 GC heap after
{Heap after GC invocations=559 (full 479):
 PSYoungGen      total 46592K, used 34815K [0x00000000f5580000, 0x00000000f9100000, 0x0000000100000000)
  eden space 34816K, 99% used [0x00000000f5580000,0x00000000f777ff68,0x00000000f7780000)
  from space 11776K, 0% used [0x00000000f8500000,0x00000000f8500000,0x00000000f9080000)
  to   space 11776K, 0% used [0x00000000f7780000,0x00000000f7780000,0x00000000f8300000)
 ParOldGen       total 349696K, used 349695K [0x00000000e0000000, 0x00000000f5580000, 0x00000000f5580000)
  object space 349696K, 99% used [0x00000000e0000000,0x00000000f557ff70,0x00000000f5580000)
 Metaspace       used 55335K, committed 56448K, reserved 1105920K
  class space    used 5445K, committed 5888K, reserved 1048576K
}
Event: 1008.606 GC heap before
{Heap before GC invocations=560 (full 480):
 PSYoungGen      total 46592K, used 34815K [0x00000000f5580000, 0x00000000f9100000, 0x0000000100000000)
  eden space 34816K, 99% used [0x00000000f5580000,0x00000000f777ff68,0x00000000f7780000)
  from space 11776K, 0% used [0x00000000f8500000,0x00000000f8500000,0x00000000f9080000)
  to   space 11776K, 0% used [0x00000000f7780000,0x00000000f7780000,0x00000000f8300000)
 ParOldGen       total 349696K, used 349695K [0x00000000e0000000, 0x00000000f5580000, 0x00000000f5580000)
  object space 349696K, 99% used [0x00000000e0000000,0x00000000f557ff70,0x00000000f5580000)
 Metaspace       used 55335K, committed 56448K, reserved 1105920K
  class space    used 5445K, committed 5888K, reserved 1048576K
}
Event: 1010.697 GC heap after
{Heap after GC invocations=560 (full 480):
 PSYoungGen      total 46592K, used 34815K [0x00000000f5580000, 0x00000000f9100000, 0x0000000100000000)
  eden space 34816K, 99% used [0x00000000f5580000,0x00000000f777ff68,0x00000000f7780000)
  from space 11776K, 0% used [0x00000000f7780000,0x00000000f7780000,0x00000000f8300000)
  to   space 11776K, 0% used [0x00000000f8500000,0x00000000f8500000,0x00000000f9080000)
 ParOldGen       total 349696K, used 349695K [0x00000000e0000000, 0x00000000f5580000, 0x00000000f5580000)
  object space 349696K, 99% used [0x00000000e0000000,0x00000000f557ff70,0x00000000f5580000)
 Metaspace       used 55335K, committed 56448K, reserved 1105920K
  class space    used 5445K, committed 5888K, reserved 1048576K
}
Event: 1010.699 GC heap before
{Heap before GC invocations=561 (full 481):
 PSYoungGen      total 46592K, used 34816K [0x00000000f5580000, 0x00000000f9100000, 0x0000000100000000)
  eden space 34816K, 100% used [0x00000000f5580000,0x00000000f7780000,0x00000000f7780000)
  from space 11776K, 0% used [0x00000000f7780000,0x00000000f7780000,0x00000000f8300000)
  to   space 11776K, 0% used [0x00000000f8500000,0x00000000f8500000,0x00000000f9080000)
 ParOldGen       total 349696K, used 349696K [0x00000000e0000000, 0x00000000f5580000, 0x00000000f5580000)
  object space 349696K, 100% used [0x00000000e0000000,0x00000000f5580000,0x00000000f5580000)
 Metaspace       used 55335K, committed 56448K, reserved 1105920K
  class space    used 5445K, committed 5888K, reserved 1048576K
}
Event: 1012.502 GC heap after
{Heap after GC invocations=561 (full 481):
 PSYoungGen      total 46592K, used 34815K [0x00000000f5580000, 0x00000000f9100000, 0x0000000100000000)
  eden space 34816K, 99% used [0x00000000f5580000,0x00000000f777ff80,0x00000000f7780000)
  from space 11776K, 0% used [0x00000000f8500000,0x00000000f8500000,0x00000000f9080000)
  to   space 11776K, 0% used [0x00000000f7780000,0x00000000f7780000,0x00000000f8300000)
 ParOldGen       total 349696K, used 349695K [0x00000000e0000000, 0x00000000f5580000, 0x00000000f5580000)
  object space 349696K, 99% used [0x00000000e0000000,0x00000000f557ff70,0x00000000f5580000)
 Metaspace       used 55335K, committed 56448K, reserved 1105920K
  class space    used 5445K, committed 5888K, reserved 1048576K
}
Event: 1012.503 GC heap before
{Heap before GC invocations=562 (full 482):
 PSYoungGen      total 46592K, used 34816K [0x00000000f5580000, 0x00000000f9100000, 0x0000000100000000)
  eden space 34816K, 100% used [0x00000000f5580000,0x00000000f7780000,0x00000000f7780000)
  from space 11776K, 0% used [0x00000000f8500000,0x00000000f8500000,0x00000000f9080000)
  to   space 11776K, 0% used [0x00000000f7780000,0x00000000f7780000,0x00000000f8300000)
 ParOldGen       total 349696K, used 349695K [0x00000000e0000000, 0x00000000f5580000, 0x00000000f5580000)
  object space 349696K, 99% used [0x00000000e0000000,0x00000000f557ff70,0x00000000f5580000)
 Metaspace       used 55335K, committed 56448K, reserved 1105920K
  class space    used 5445K, committed 5888K, reserved 1048576K
}
Event: 1014.708 GC heap after
{Heap after GC invocations=562 (full 482):
 PSYoungGen      total 46592K, used 34815K [0x00000000f5580000, 0x00000000f9100000, 0x0000000100000000)
  eden space 34816K, 99% used [0x00000000f5580000,0x00000000f777ff80,0x00000000f7780000)
  from space 11776K, 0% used [0x00000000f7780000,0x00000000f7780000,0x00000000f8300000)
  to   space 11776K, 0% used [0x00000000f8500000,0x00000000f8500000,0x00000000f9080000)
 ParOldGen       total 349696K, used 349695K [0x00000000e0000000, 0x00000000f5580000, 0x00000000f5580000)
  object space 349696K, 99% used [0x00000000e0000000,0x00000000f557ff70,0x00000000f5580000)
 Metaspace       used 55335K, committed 56448K, reserved 1105920K
  class space    used 5445K, committed 5888K, reserved 1048576K
}
Event: 1014.709 GC heap before
{Heap before GC invocations=563 (full 483):
 PSYoungGen      total 46592K, used 34816K [0x00000000f5580000, 0x00000000f9100000, 0x0000000100000000)
  eden space 34816K, 100% used [0x00000000f5580000,0x00000000f7780000,0x00000000f7780000)
  from space 11776K, 0% used [0x00000000f7780000,0x00000000f7780000,0x00000000f8300000)
  to   space 11776K, 0% used [0x00000000f8500000,0x00000000f8500000,0x00000000f9080000)
 ParOldGen       total 349696K, used 349695K [0x00000000e0000000, 0x00000000f5580000, 0x00000000f5580000)
  object space 349696K, 99% used [0x00000000e0000000,0x00000000f557ff70,0x00000000f5580000)
 Metaspace       used 55335K, committed 56448K, reserved 1105920K
  class space    used 5445K, committed 5888K, reserved 1048576K
}
Event: 1016.921 GC heap after
{Heap after GC invocations=563 (full 483):
 PSYoungGen      total 46592K, used 34815K [0x00000000f5580000, 0x00000000f9100000, 0x0000000100000000)
  eden space 34816K, 99% used [0x00000000f5580000,0x00000000f777ff80,0x00000000f7780000)
  from space 11776K, 0% used [0x00000000f8500000,0x00000000f8500000,0x00000000f9080000)
  to   space 11776K, 0% used [0x00000000f7780000,0x00000000f7780000,0x00000000f8300000)
 ParOldGen       total 349696K, used 349695K [0x00000000e0000000, 0x00000000f5580000, 0x00000000f5580000)
  object space 349696K, 99% used [0x00000000e0000000,0x00000000f557ff70,0x00000000f5580000)
 Metaspace       used 55335K, committed 56448K, reserved 1105920K
  class space    used 5445K, committed 5888K, reserved 1048576K
}
Event: 1016.921 GC heap before
{Heap before GC invocations=564 (full 484):
 PSYoungGen      total 46592K, used 34816K [0x00000000f5580000, 0x00000000f9100000, 0x0000000100000000)
  eden space 34816K, 100% used [0x00000000f5580000,0x00000000f7780000,0x00000000f7780000)
  from space 11776K, 0% used [0x00000000f8500000,0x00000000f8500000,0x00000000f9080000)
  to   space 11776K, 0% used [0x00000000f7780000,0x00000000f7780000,0x00000000f8300000)
 ParOldGen       total 349696K, used 349695K [0x00000000e0000000, 0x00000000f5580000, 0x00000000f5580000)
  object space 349696K, 99% used [0x00000000e0000000,0x00000000f557ff70,0x00000000f5580000)
 Metaspace       used 55335K, committed 56448K, reserved 1105920K
  class space    used 5445K, committed 5888K, reserved 1048576K
}
Event: 1018.874 GC heap after
{Heap after GC invocations=564 (full 484):
 PSYoungGen      total 46592K, used 34815K [0x00000000f5580000, 0x00000000f9100000, 0x0000000100000000)
  eden space 34816K, 99% used [0x00000000f5580000,0x00000000f777ff80,0x00000000f7780000)
  from space 11776K, 0% used [0x00000000f7780000,0x00000000f7780000,0x00000000f8300000)
  to   space 11776K, 0% used [0x00000000f8500000,0x00000000f8500000,0x00000000f9080000)
 ParOldGen       total 349696K, used 349695K [0x00000000e0000000, 0x00000000f5580000, 0x00000000f5580000)
  object space 349696K, 99% used [0x00000000e0000000,0x00000000f557ff70,0x00000000f5580000)
 Metaspace       used 55335K, committed 56448K, reserved 1105920K
  class space    used 5445K, committed 5888K, reserved 1048576K
}
Event: 1018.875 GC heap before
{Heap before GC invocations=565 (full 485):
 PSYoungGen      total 46592K, used 34816K [0x00000000f5580000, 0x00000000f9100000, 0x0000000100000000)
  eden space 34816K, 100% used [0x00000000f5580000,0x00000000f7780000,0x00000000f7780000)
  from space 11776K, 0% used [0x00000000f7780000,0x00000000f7780000,0x00000000f8300000)
  to   space 11776K, 0% used [0x00000000f8500000,0x00000000f8500000,0x00000000f9080000)
 ParOldGen       total 349696K, used 349695K [0x00000000e0000000, 0x00000000f5580000, 0x00000000f5580000)
  object space 349696K, 99% used [0x00000000e0000000,0x00000000f557ff70,0x00000000f5580000)
 Metaspace       used 55335K, committed 56448K, reserved 1105920K
  class space    used 5445K, committed 5888K, reserved 1048576K
}
Event: 1020.823 GC heap after
{Heap after GC invocations=565 (full 485):
 PSYoungGen      total 46592K, used 34815K [0x00000000f5580000, 0x00000000f9100000, 0x0000000100000000)
  eden space 34816K, 99% used [0x00000000f5580000,0x00000000f777ff80,0x00000000f7780000)
  from space 11776K, 0% used [0x00000000f8500000,0x00000000f8500000,0x00000000f9080000)
  to   space 11776K, 0% used [0x00000000f7780000,0x00000000f7780000,0x00000000f8300000)
 ParOldGen       total 349696K, used 349695K [0x00000000e0000000, 0x00000000f5580000, 0x00000000f5580000)
  object space 349696K, 99% used [0x00000000e0000000,0x00000000f557ff70,0x00000000f5580000)
 Metaspace       used 55335K, committed 56448K, reserved 1105920K
  class space    used 5445K, committed 5888K, reserved 1048576K
}
Event: 1020.823 GC heap before
{Heap before GC invocations=566 (full 486):
 PSYoungGen      total 46592K, used 34815K [0x00000000f5580000, 0x00000000f9100000, 0x0000000100000000)
  eden space 34816K, 99% used [0x00000000f5580000,0x00000000f777ffc8,0x00000000f7780000)
  from space 11776K, 0% used [0x00000000f8500000,0x00000000f8500000,0x00000000f9080000)
  to   space 11776K, 0% used [0x00000000f7780000,0x00000000f7780000,0x00000000f8300000)
 ParOldGen       total 349696K, used 349695K [0x00000000e0000000, 0x00000000f5580000, 0x00000000f5580000)
  object space 349696K, 99% used [0x00000000e0000000,0x00000000f557ff70,0x00000000f5580000)
 Metaspace       used 55335K, committed 56448K, reserved 1105920K
  class space    used 5445K, committed 5888K, reserved 1048576K
}
Event: 1022.716 GC heap after
{Heap after GC invocations=566 (full 486):
 PSYoungGen      total 46592K, used 34815K [0x00000000f5580000, 0x00000000f9100000, 0x0000000100000000)
  eden space 34816K, 99% used [0x00000000f5580000,0x00000000f777ff98,0x00000000f7780000)
  from space 11776K, 0% used [0x00000000f7780000,0x00000000f7780000,0x00000000f8300000)
  to   space 11776K, 0% used [0x00000000f8500000,0x00000000f8500000,0x00000000f9080000)
 ParOldGen       total 349696K, used 349695K [0x00000000e0000000, 0x00000000f5580000, 0x00000000f5580000)
  object space 349696K, 99% used [0x00000000e0000000,0x00000000f557ff70,0x00000000f5580000)
 Metaspace       used 55335K, committed 56448K, reserved 1105920K
  class space    used 5445K, committed 5888K, reserved 1048576K
}
Event: 1022.716 GC heap before
{Heap before GC invocations=567 (full 487):
 PSYoungGen      total 46592K, used 34815K [0x00000000f5580000, 0x00000000f9100000, 0x0000000100000000)
  eden space 34816K, 99% used [0x00000000f5580000,0x00000000f777ff98,0x00000000f7780000)
  from space 11776K, 0% used [0x00000000f7780000,0x00000000f7780000,0x00000000f8300000)
  to   space 11776K, 0% used [0x00000000f8500000,0x00000000f8500000,0x00000000f9080000)
 ParOldGen       total 349696K, used 349695K [0x00000000e0000000, 0x00000000f5580000, 0x00000000f5580000)
  object space 349696K, 99% used [0x00000000e0000000,0x00000000f557ff70,0x00000000f5580000)
 Metaspace       used 55335K, committed 56448K, reserved 1105920K
  class space    used 5445K, committed 5888K, reserved 1048576K
}
Event: 1024.479 GC heap after
{Heap after GC invocations=567 (full 487):
 PSYoungGen      total 46592K, used 34815K [0x00000000f5580000, 0x00000000f9100000, 0x0000000100000000)
  eden space 34816K, 99% used [0x00000000f5580000,0x00000000f777ff98,0x00000000f7780000)
  from space 11776K, 0% used [0x00000000f8500000,0x00000000f8500000,0x00000000f9080000)
  to   space 11776K, 0% used [0x00000000f7780000,0x00000000f7780000,0x00000000f8300000)
 ParOldGen       total 349696K, used 349695K [0x00000000e0000000, 0x00000000f5580000, 0x00000000f5580000)
  object space 349696K, 99% used [0x00000000e0000000,0x00000000f557ff70,0x00000000f5580000)
 Metaspace       used 55335K, committed 56448K, reserved 1105920K
  class space    used 5445K, committed 5888K, reserved 1048576K
}

